[debug] [2021-11-04T09:39:53.235Z] ----------------------------------------------------------------------
[debug] [2021-11-04T09:39:53.237Z] Command:       /usr/local/bin/firebase /Users/surawutbinmamud/.cache/firebase/tools/lib/node_modules/firebase-tools/lib/bin/firebase init
[debug] [2021-11-04T09:39:53.237Z] CLI Version:   9.21.0
[debug] [2021-11-04T09:39:53.237Z] Platform:      darwin
[debug] [2021-11-04T09:39:53.237Z] Node Version:  v12.18.1
[debug] [2021-11-04T09:39:53.238Z] Time:          Thu Nov 04 2021 16:39:53 GMT+0700 (Indochina Time)
[debug] [2021-11-04T09:39:53.238Z] ----------------------------------------------------------------------
[debug] 
[debug] [2021-11-04T09:39:53.281Z] > command requires scopes: ["email","openid","https://www.googleapis.com/auth/cloudplatformprojects.readonly","https://www.googleapis.com/auth/firebase","https://www.googleapis.com/auth/cloud-platform"]
[debug] [2021-11-04T09:39:53.282Z] > authorizing via signed-in user (binmamud_s@silpakorn.edu)
[info] 
     ######## #### ########  ######## ########     ###     ######  ########
     ##        ##  ##     ## ##       ##     ##  ##   ##  ##       ##
     ######    ##  ########  ######   ########  #########  ######  ######
     ##        ##  ##    ##  ##       ##     ## ##     ##       ## ##
     ##       #### ##     ## ######## ########  ##     ##  ######  ########

You're about to initialize a Firebase project in this directory:

  /Users/surawutbinmamud

Before we get started, keep in mind:

  * You are initializing within an existing Firebase project directory

[debug] [2021-11-04T09:40:22.391Z] TypeError: Cannot read property 'setRawMode' of null
    at ReadStream.setRawMode (tty.js:75:28)
    at Interface._setRawMode (readline.js:290:16)
    at Interface.close (readline.js:413:10)
    at ReadStream.ontermend (readline.js:201:10)
    at ReadStream.emit (events.js:327:22)
    at ReadStream.EventEmitter.emit (domain.js:482:12)
    at endReadableNT (_stream_readable.js:1221:12)
    at processTicksAndRejections (internal/process/task_queues.js:84:21)
